<?xml version="1.0" encoding="UTF-8"?>
<databaseChangeLog xmlns="http://www.liquibase.org/xml/ns/dbchangelog"
                   xmlns:xsi="http://www.w3.org/2001/XMLSchema-instance"
                   xsi:schemaLocation="http://www.liquibase.org/xml/ns/dbchangelog
         http://www.liquibase.org/xml/ns/dbchangelog/dbchangelog-3.6.xsd">

    <changeSet id="test-data" author="ilebedenko">
        <comment>Скрипт для тестирования сервисов.</comment>
        <sql>
            <!-- tenants -->
            INSERT INTO messaging.tenant VALUES ('tenant', 'Test tenant');
            INSERT INTO messaging.tenant VALUES ('tenant2', 'Test tenant2');
            INSERT INTO messaging.tenant VALUES ('tenant3', 'Test tenant3');

            <!-- channels -->
            INSERT INTO messaging.channel (code, name, queue_name, is_internal)
            VALUES ('web', 'Web', 'web_queue', true),
            ('email', 'Email', 'email_queue', false),
            ('custom', 'Custom', 'custom_queue', false);

            <!-- message templates -->
            INSERT INTO messaging.message_template (id, name, code, caption, text, alert_type,
            severity, enabled, channel_code, tenant_code) VALUES
            (1, 'msg_template1', 'mt1', 'Message template 1', 'Some text', 'POPUP', 'INFO', true, 'web', 'tenant'),
            (2, 'msg_template2', 'mt2', 'Message template 2', 'Some text2', 'HIDDEN', 'INFO', false, 'email', 'tenant'),
            (3, 'msg_template3', 'mt3', 'Congratulations, %{name}', 'Hello, %{name}. You win $%{count}!', 'HIDDEN', 'DANGER', true, 'email', 'tenant');
            SELECT setval('messaging.message_template_id_seq', 4, false);

            <!-- messages and recipients -->
            INSERT INTO messaging.message (id, text, severity, alert_type, tenant_code, sent_at, recipient_type, channel_code)
            VALUES ('a2bd666b-1684-4005-a10f-f14224f66d0a', 'Message1', 'DANGER', 'POPUP', 'tenant', '2021-08-15 00:00:00', 'RECIPIENT', 'web');
            INSERT INTO messaging.message_recipient (id, message_id, recipient_username, status)
            VALUES (1, 'a2bd666b-1684-4005-a10f-f14224f66d0a', 'web1', 'SCHEDULED');
            INSERT INTO messaging.message_recipient (id, message_id, recipient_username, status)
            VALUES (2, 'a2bd666b-1684-4005-a10f-f14224f66d0a', 'web2', 'SCHEDULED');

            INSERT INTO messaging.message (id, text, severity, alert_type, tenant_code, sent_at, recipient_type, channel_code)
            VALUES ('d1450cd1-5b93-47fe-9e44-a3800476342e', 'Message2', 'INFO', 'POPUP', 'tenant', '2021-12-31 00:00:00', 'RECIPIENT', 'web');
            INSERT INTO messaging.message_recipient (id, message_id, recipient_username, status)
            VALUES (3, 'd1450cd1-5b93-47fe-9e44-a3800476342e', 'web1', 'SCHEDULED');
            INSERT INTO messaging.message_recipient (id, message_id, recipient_username, status)
            VALUES (4, 'd1450cd1-5b93-47fe-9e44-a3800476342e', 'web2', 'SCHEDULED');

            <!-- messages for tenant3 (for testing feed) -->
            INSERT INTO messaging.message (id, text, severity, alert_type, tenant_code, sent_at, recipient_type, channel_code)
            VALUES ('6aa72600-1290-41ae-8429-e36ce46f60af', 'Message3', 'DANGER', 'POPUP', 'tenant3', '2021-08-15 00:00:00', 'RECIPIENT', 'web');
            INSERT INTO messaging.message_recipient (id, message_id, recipient_username, status)
            VALUES (5, '6aa72600-1290-41ae-8429-e36ce46f60af', 'user', 'SENT');

            INSERT INTO messaging.message (id, text, severity, alert_type, tenant_code, sent_at, recipient_type, channel_code)
            VALUES ('340751ba-1065-4ae4-b715-956560263684', 'Message4', 'INFO', 'POPUP', 'tenant3', '2021-10-15 00:00:00', 'RECIPIENT', 'web');
            INSERT INTO messaging.message_recipient (id, message_id, recipient_username, status)
            VALUES (6, '340751ba-1065-4ae4-b715-956560263684', 'user', 'SENT');

            INSERT INTO messaging.message (id, text, severity, alert_type, tenant_code, sent_at, recipient_type, channel_code)
            VALUES ('442bb484-1690-436f-b38c-9638b280a1cd', 'Message5', 'DANGER', 'POPUP', 'tenant3', '2021-12-15 00:00:00', 'RECIPIENT', 'web');
            INSERT INTO messaging.message_recipient (id, message_id, recipient_username, status)
            VALUES (7, '442bb484-1690-436f-b38c-9638b280a1cd', 'user', 'SENT');
            SELECT setval('messaging.message_recipient_id_seq', 8, false);
        </sql>
    </changeSet>
</databaseChangeLog>

